<?xml version="1.0" encoding="UTF-8"?>
<!-- Generated by org.testng.reporters.JUnitXMLReporter -->
<testsuite hostname="Anandg" name="Default test" tests="3" failures="0" timestamp="17 Jun 2016 04:55:28 GMT" time="2.634" errors="0">
  <testcase name="getCallAPI" time="0.919" classname="com.testclass.GetTestClass"/>
  <testcase name="getCallAPI" time="0.61" classname="com.testclass.GetTestClass"/>
  <testcase name="getCallAPI" time="0.959" classname="com.testclass.GetTestClass"/>
</testsuite> <!-- Default test -->
