<?xml version="1.0" encoding="UTF-8"?>
<testng-results skipped="0" failed="0" total="2" passed="2">
  <reporter-output>
  </reporter-output>
  <suite name="Default suite" duration-ms="2040" started-at="2016-06-16T14:46:44Z" finished-at="2016-06-16T14:46:46Z">
    <groups>
    </groups>
    <test name="Default test" duration-ms="2040" started-at="2016-06-16T14:46:44Z" finished-at="2016-06-16T14:46:46Z">
      <class name="com.testclass.GetTestClass">
        <test-method status="PASS" signature="getCallAPI(java.lang.String, java.lang.String, java.lang.String, java.lang.String)[pri:0, instance:com.testclass.GetTestClass@6a2bcfcb]" name="getCallAPI" duration-ms="947" started-at="2016-06-16T20:16:44Z" data-provider="apidata" finished-at="2016-06-16T20:16:45Z">
          <params>
            <param index="0">
              <value>
                <![CDATA[http://tstapi.bankoncube.com/v1/user?mobile=99203]]>
              </value>
            </param>
            <param index="1">
              <value>
                <![CDATA[200.0]]>
              </value>
            </param>
            <param index="2">
              <value>
                <![CDATA[{"uuid":"3250340522684834606","firstName":null,"lastName":null,"username":"3250340522684834606","email":"","mobile":"8412121212"}]]>
              </value>
            </param>
            <param index="3">
              <value>
                <![CDATA[Get User By Mobile]]>
              </value>
            </param>
          </params>
          <reporter-output>
          </reporter-output>
        </test-method> <!-- getCallAPI -->
        <test-method status="PASS" signature="getCallAPI(java.lang.String, java.lang.String, java.lang.String, java.lang.String)[pri:0, instance:com.testclass.GetTestClass@6a2bcfcb]" name="getCallAPI" duration-ms="955" started-at="2016-06-16T20:16:45Z" data-provider="apidata" finished-at="2016-06-16T20:16:46Z">
          <params>
            <param index="0">
              <value>
                <![CDATA[http://tstapi.bankoncube.com/v1/user/?uuid=25988860242743]]>
              </value>
            </param>
            <param index="1">
              <value>
                <![CDATA[200.0]]>
              </value>
            </param>
            <param index="2">
              <value>
                <![CDATA[{"uuid":"3250340522684834606","firstName":null,"lastName":null,"username":"3250340522684834606","email":"","mobile":"8412121212"}]]>
              </value>
            </param>
            <param index="3">
              <value>
                <![CDATA[Get User By uuid]]>
              </value>
            </param>
          </params>
          <reporter-output>
          </reporter-output>
        </test-method> <!-- getCallAPI -->
      </class> <!-- com.testclass.GetTestClass -->
    </test> <!-- Default test -->
  </suite> <!-- Default suite -->
</testng-results>
